<?xml version="1.0" encoding="UTF-8"?>
<testng-results ignored="0" total="3" passed="3" failed="0" skipped="0">
  <reporter-output>
  </reporter-output>
  <suite started-at="2022-03-10T16:53:19 IST" name="Default suite" finished-at="2022-03-10T16:53:33 IST" duration-ms="13673">
    <groups>
      <group name="cucumber">
        <method signature="AbstractTestNGCucumberTests.runScenario(io.cucumber.testng.PickleWrapper,io.cucumber.testng.FeatureWrapper)[pri:0, instance:runners.OpenCartRunner@16d04d3d]" name="runScenario" class="io.cucumber.testng.AbstractTestNGCucumberTests"/>
      </group> <!-- cucumber -->
    </groups>
    <test started-at="2022-03-10T16:53:19 IST" name="Default test" finished-at="2022-03-10T16:53:33 IST" duration-ms="13673">
      <class name="runners.OpenCartRunner">
        <test-method is-config="true" signature="setUpClass(org.testng.ITestContext)[pri:0, instance:runners.OpenCartRunner@16d04d3d]" started-at="2022-03-10T16:53:19 IST" name="setUpClass" finished-at="2022-03-10T16:53:20 IST" duration-ms="645" status="PASS">
          <params>
            <param index="0">
              <value>
                <![CDATA[org.testng.TestRunner@6d6ac396]]>
              </value>
            </param>
          </params>
          <reporter-output>
          </reporter-output>
        </test-method> <!-- setUpClass -->
        <test-method signature="runScenario(io.cucumber.testng.PickleWrapper,io.cucumber.testng.FeatureWrapper)[pri:0, instance:runners.OpenCartRunner@16d04d3d]" started-at="2022-03-10T16:53:20 IST" name="runScenario" description="Runs Cucumber Scenarios" data-provider="scenarios" finished-at="2022-03-10T16:53:29 IST" duration-ms="8918" status="PASS">
          <params>
            <param index="0">
              <value>
                <![CDATA["Valid Login"]]>
              </value>
            </param>
            <param index="1">
              <value>
                <![CDATA["Optional[Opencart Login Function]"]]>
              </value>
            </param>
          </params>
          <reporter-output>
          </reporter-output>
        </test-method> <!-- runScenario -->
        <test-method signature="runScenario(io.cucumber.testng.PickleWrapper,io.cucumber.testng.FeatureWrapper)[pri:0, instance:runners.OpenCartRunner@16d04d3d]" started-at="2022-03-10T16:53:29 IST" name="runScenario" description="Runs Cucumber Scenarios" data-provider="scenarios" finished-at="2022-03-10T16:53:31 IST" duration-ms="2286" status="PASS">
          <params>
            <param index="0">
              <value>
                <![CDATA["Search Item"]]>
              </value>
            </param>
            <param index="1">
              <value>
                <![CDATA["Optional[Opencart Login Function]"]]>
              </value>
            </param>
          </params>
          <reporter-output>
          </reporter-output>
        </test-method> <!-- runScenario -->
        <test-method signature="runScenario(io.cucumber.testng.PickleWrapper,io.cucumber.testng.FeatureWrapper)[pri:0, instance:runners.OpenCartRunner@16d04d3d]" started-at="2022-03-10T16:53:31 IST" name="runScenario" description="Runs Cucumber Scenarios" data-provider="scenarios" finished-at="2022-03-10T16:53:31 IST" duration-ms="71" status="PASS">
          <params>
            <param index="0">
              <value>
                <![CDATA["Add to Cart"]]>
              </value>
            </param>
            <param index="1">
              <value>
                <![CDATA["Optional[Opencart Login Function]"]]>
              </value>
            </param>
          </params>
          <reporter-output>
          </reporter-output>
        </test-method> <!-- runScenario -->
        <test-method is-config="true" signature="tearDownClass()[pri:0, instance:runners.OpenCartRunner@16d04d3d]" started-at="2022-03-10T16:53:31 IST" name="tearDownClass" finished-at="2022-03-10T16:53:33 IST" duration-ms="1707" status="PASS">
          <reporter-output>
          </reporter-output>
        </test-method> <!-- tearDownClass -->
      </class> <!-- runners.OpenCartRunner -->
    </test> <!-- Default test -->
  </suite> <!-- Default suite -->
</testng-results>
